<?xml version="1.0" encoding="UTF-8"?>
<testng-results ignored="0" total="2" passed="2" failed="0" skipped="0">
  <reporter-output>
  </reporter-output>
  <suite started-at="2022-08-29T20:30:58 ICT" name="Default suite" finished-at="2022-08-29T20:31:32 ICT" duration-ms="33918">
    <groups>
      <group name="cucumber">
        <method signature="AbstractTestNGCucumberTests.runScenario(io.cucumber.testng.PickleWrapper,io.cucumber.testng.FeatureWrapper)[pri:0, instance:com.juaracoding.pageobject.step_definitions.TestRunner@48f278eb]" name="runScenario" class="io.cucumber.testng.AbstractTestNGCucumberTests"/>
      </group> <!-- cucumber -->
    </groups>
    <test started-at="2022-08-29T20:30:58 ICT" name="Default test" finished-at="2022-08-29T20:31:32 ICT" duration-ms="33918">
      <class name="com.juaracoding.pageobject.step_definitions.TestRunner">
        <test-method is-config="true" signature="setUpClass(org.testng.ITestContext)[pri:0, instance:com.juaracoding.pageobject.step_definitions.TestRunner@48f278eb]" started-at="2022-08-29T20:30:58 ICT" name="setUpClass" finished-at="2022-08-29T20:31:00 ICT" duration-ms="1821" status="PASS">
          <params>
            <param index="0">
              <value>
                <![CDATA[org.testng.TestRunner@5aaaa446]]>
              </value>
            </param>
          </params>
          <reporter-output>
          </reporter-output>
        </test-method> <!-- setUpClass -->
        <test-method signature="runScenario(io.cucumber.testng.PickleWrapper,io.cucumber.testng.FeatureWrapper)[pri:0, instance:com.juaracoding.pageobject.step_definitions.TestRunner@48f278eb]" started-at="2022-08-29T20:31:00 ICT" name="runScenario" description="Runs Cucumber Scenarios" data-provider="scenarios" finished-at="2022-08-29T20:31:26 ICT" duration-ms="26001" status="PASS">
          <params>
            <param index="0">
              <value>
                <![CDATA["User invalid login"]]>
              </value>
            </param>
            <param index="1">
              <value>
                <![CDATA["Login User"]]>
              </value>
            </param>
          </params>
          <reporter-output>
          </reporter-output>
        </test-method> <!-- runScenario -->
        <test-method signature="runScenario(io.cucumber.testng.PickleWrapper,io.cucumber.testng.FeatureWrapper)[pri:0, instance:com.juaracoding.pageobject.step_definitions.TestRunner@48f278eb]" started-at="2022-08-29T20:31:26 ICT" name="runScenario" description="Runs Cucumber Scenarios" data-provider="scenarios" finished-at="2022-08-29T20:31:29 ICT" duration-ms="2799" status="PASS">
          <params>
            <param index="0">
              <value>
                <![CDATA["User valid login"]]>
              </value>
            </param>
            <param index="1">
              <value>
                <![CDATA["Login User"]]>
              </value>
            </param>
          </params>
          <reporter-output>
          </reporter-output>
        </test-method> <!-- runScenario -->
        <test-method is-config="true" signature="tearDownClass()[pri:0, instance:com.juaracoding.pageobject.step_definitions.TestRunner@48f278eb]" started-at="2022-08-29T20:31:29 ICT" name="tearDownClass" finished-at="2022-08-29T20:31:32 ICT" duration-ms="3154" status="PASS">
          <reporter-output>
          </reporter-output>
        </test-method> <!-- tearDownClass -->
      </class> <!-- com.juaracoding.pageobject.step_definitions.TestRunner -->
    </test> <!-- Default test -->
  </suite> <!-- Default suite -->
</testng-results>
